<?xml version="1.0" encoding="UTF-8"?>
<!-- Generated by org.testng.reporters.JUnitXMLReporter -->
<testsuite hostname="CGSCLXI54290887" ignored="4" name="car loan" tests="4" failures="1" timestamp="2020-04-04T12:53:42 IST" time="0.165" errors="0">
  <testcase name="MobileLogin" time="0.018" classname="practise.Login"/>
  <testcase name="DesktopLogout" time="0.005" classname="practise.Logout"/>
  <testcase name="MobileLogout" time="0.014" classname="practise.Logout"/>
  <testcase name="WebLogin1" time="0.0" classname="practise.Login">
    <failure type="org.testng.TestNGException" message="
Parameter &amp;apos;url&amp;apos; is required by @Test on method WebLogin1 but has not been marked @Optional or defined
in C:\Users\BRLAVAN\Desktop\DL\Personal\TESTNG\testng_parallel.xml">
      <![CDATA[org.testng.TestNGException: 
Parameter 'url' is required by @Test on method WebLogin1 but has not been marked @Optional or defined
in C:\Users\BRLAVAN\Desktop\DL\Personal\TESTNG\testng_parallel.xml
at java.util.ArrayList.forEach(Unknown Source)
at java.util.concurrent.FutureTask.run(Unknown Source)
at java.util.concurrent.ThreadPoolExecutor.runWorker(Unknown Source)
at java.util.concurrent.ThreadPoolExecutor$Worker.run(Unknown Source)
at java.lang.Thread.run(Unknown Source)
... Removed 17 stack frames]]>
    </failure>
  </testcase> <!-- WebLogin1 -->
  <testcase name="DesktopLogin" time="0.0" classname="practise.Login">
    <ignored/>
  </testcase> <!-- DesktopLogin -->
  <testcase name="WebLogout" time="0.0" classname="practise.Logout">
    <ignored/>
  </testcase> <!-- WebLogout -->
  <testcase name="WebLogout2" time="0.0" classname="practise.Logout">
    <ignored/>
  </testcase> <!-- WebLogout2 -->
  <testcase name="WebLogout1" time="0.0" classname="practise.Logout">
    <ignored/>
  </testcase> <!-- WebLogout1 -->
</testsuite> <!-- car loan -->
